<?xml version="1.0" encoding="UTF-8"?><sv:node xmlns:sv="http://www.jcp.org/jcr/sv/1.0" sv:name="test-medewerker2">
    <sv:property sv:name="jcr:primaryType" sv:type="Name">
      <sv:value>hippo:handle</sv:value>
    </sv:property>
    <sv:property sv:name="jcr:mixinTypes" sv:type="Name" sv:multiple="true">
      <sv:value>mix:referenceable</sv:value>
    </sv:property>
    <sv:node sv:name="test-medewerker2">
      <sv:property sv:name="jcr:primaryType" sv:type="Name">
        <sv:value>{{namespace}}:medewerker</sv:value>
      </sv:property>
      <sv:property sv:name="jcr:mixinTypes" sv:type="Name" sv:multiple="true">
        <sv:value>mix:referenceable</sv:value>
      </sv:property>
      <sv:property sv:name="hippo:availability" sv:type="String" sv:multiple="true">
          <sv:value>live</sv:value>
          <sv:value>preview</sv:value>
      </sv:property>
      <sv:property sv:name="hippo:related___pathreference" sv:type="String">
        <sv:value>test-medewerker2</sv:value>
      </sv:property>
      <sv:property sv:name="hippostd:state" sv:type="String">
        <sv:value>published</sv:value>
      </sv:property>
      <sv:property sv:name="hippostd:stateSummary" sv:type="String">
        <sv:value>live</sv:value>
      </sv:property>
      <sv:property sv:name="hippostdpubwf:createdBy" sv:type="String">
        <sv:value>admin</sv:value>
      </sv:property>
      <sv:property sv:name="hippostdpubwf:creationDate" sv:type="Date">
        <sv:value>2014-07-03T12:01:24.752+02:00</sv:value>
      </sv:property>
      <sv:property sv:name="hippostdpubwf:lastModificationDate" sv:type="Date">
        <sv:value>2014-07-04T12:38:09.297+02:00</sv:value>
      </sv:property>
      <sv:property sv:name="hippostdpubwf:lastModifiedBy" sv:type="String">
        <sv:value>admin</sv:value>
      </sv:property>
      <sv:property sv:name="hippotranslation:locale" sv:type="String">
        <sv:value>en</sv:value>
      </sv:property>
      <sv:property sv:name="hippotranslation:id" sv:type="String">
        <sv:value>55b0884c-6da8-1149-88f6-49a17870ba91</sv:value>
      </sv:property>
      <sv:property sv:name="{{namespace}}:achternaam" sv:type="String">
        <sv:value>achternaam2</sv:value>
      </sv:property>
      <sv:property sv:name="{{namespace}}:afdeling" sv:type="String">
        <sv:value>Afdeling2</sv:value>
      </sv:property>
      <sv:property sv:name="{{namespace}}:email" sv:type="String">
        <sv:value>email2@email.com</sv:value>
      </sv:property>
      <sv:property sv:name="{{namespace}}:functie" sv:type="String">
        <sv:value>Functie2</sv:value>
      </sv:property>
      <sv:property sv:name="{{namespace}}:inhoud" sv:type="String">
        <sv:value>&lt;p&gt;Inhoud2&lt;/p&gt;</sv:value>
      </sv:property>
      <sv:property sv:name="{{namespace}}:roepnaam" sv:type="String">
        <sv:value>Roepnaam2</sv:value>
      </sv:property>
      <sv:property sv:name="{{namespace}}:telefoon" sv:type="String">
        <sv:value>02022222222</sv:value>
      </sv:property>
      <sv:property sv:name="{{namespace}}:titulatuur" sv:type="String">
        <sv:value>Titulatuur2</sv:value>
      </sv:property>
      <sv:property sv:name="{{namespace}}:tussenvoegsel" sv:type="String">
        <sv:value>tweede van de</sv:value>
      </sv:property>
      <sv:property sv:name="{{namespace}}:voorletters" sv:type="String">
        <sv:value>P.</sv:value>
      </sv:property>
      <sv:node sv:name="hippotranslation:translations">
        <sv:property sv:name="jcr:primaryType" sv:type="Name">
          <sv:value>hippotranslation:translations</sv:value>
        </sv:property>
      </sv:node>
      <sv:node sv:name="{{namespace}}:afbeelding">
        <sv:property sv:name="jcr:primaryType" sv:type="Name">
          <sv:value>hippogallerypicker:imagelink</sv:value>
        </sv:property>
        <sv:property sv:name="hippo:docbase" sv:type="String">
          <sv:value>3e8f10eb-08f7-429c-8504-3456488f57c3</sv:value>
        </sv:property>
        <sv:property sv:multiple="true" sv:name="hippo:facets" sv:type="String"/>
        <sv:property sv:multiple="true" sv:name="hippo:modes" sv:type="String"/>
        <sv:property sv:multiple="true" sv:name="hippo:values" sv:type="String"/>
      </sv:node>
    </sv:node>
</sv:node>
